<?xml version="1.0" encoding="UTF-8"?>
<testng-results skipped="0" failed="0" ignored="0" total="1" passed="1">
  <reporter-output>
  </reporter-output>
  <suite name="Default suite" duration-ms="54240" started-at="2017-09-16T07:48:16Z" finished-at="2017-09-16T07:49:11Z">
    <groups>
    </groups>
    <test name="Default test" duration-ms="54240" started-at="2017-09-16T07:48:16Z" finished-at="2017-09-16T07:49:11Z">
      <class name="googletest.GoogleTest">
        <test-method status="PASS" signature="GoogleScreen()[pri:0, instance:googletest.GoogleTest@1604f19]" name="GoogleScreen" duration-ms="54060" started-at="2017-09-16T13:18:17Z" finished-at="2017-09-16T13:19:11Z">
          <reporter-output>
          </reporter-output>
        </test-method> <!-- GoogleScreen -->
      </class> <!-- googletest.GoogleTest -->
    </test> <!-- Default test -->
  </suite> <!-- Default suite -->
</testng-results>
